<?xml version="1.0" encoding="UTF-8"?>
<!-- Generated by org.testng.reporters.JUnitXMLReporter -->
<testsuite ignored="0" hostname="Galaxy-A8-2018.hitronhub.home" failures="0" tests="7" name="Surefire test" time="0.017" errors="0" timestamp="30 Jun. 2020 23:18:27 GMT">
  <testcase classname="qaclick.AppiumTest" name="Appiumandroid" time="0.004"/>
  <testcase classname="qaclick.AppiumTest" name="Appiumios" time="0.0"/>
  <testcase classname="qaclick.SeleniumTest" name="Seleniumandroid" time="0.0"/>
  <testcase classname="qaclick.SeleniumTest" name="Seleniumios" time="0.0"/>
  <testcase classname="qaclick.RestAPITest" name="Apiandroid" time="0.0"/>
  <testcase classname="qaclick.RestAPITest" name="Apiiios" time="0.0"/>
  <testcase classname="qaclick.RestAPITest" name="Apiios" time="0.0"/>
</testsuite> <!-- Surefire test -->
