<?xml version="1.0" encoding="UTF-8"?>
<testng-results ignored="0" total="5" passed="5" failed="0" skipped="0">
  <reporter-output>
  </reporter-output>
  <suite started-at="2020-07-01T16:20:28Z" name="All Test Suite" finished-at="2020-07-01T16:20:28Z" duration-ms="15">
    <groups>
    </groups>
    <test started-at="2020-07-01T16:20:28Z" name="/Users/venkatasambaraju/IdeaProjects/MavenJava" finished-at="2020-07-01T16:20:28Z" duration-ms="15">
      <class name="qaclick.AppiumTest">
        <test-method signature="Appiumandroid()[pri:0, instance:qaclick.AppiumTest@130f889]" started-at="2020-07-01T10:20:28Z" name="Appiumandroid" finished-at="2020-07-01T10:20:28Z" duration-ms="4" status="PASS">
          <reporter-output>
          </reporter-output>
        </test-method> <!-- Appiumandroid -->
        <test-method signature="Appiumios()[pri:0, instance:qaclick.AppiumTest@130f889]" started-at="2020-07-01T10:20:28Z" name="Appiumios" finished-at="2020-07-01T10:20:28Z" duration-ms="0" status="PASS">
          <reporter-output>
          </reporter-output>
        </test-method> <!-- Appiumios -->
      </class> <!-- qaclick.AppiumTest -->
      <class name="qaclick.RestAPITest">
        <test-method signature="Apiandroid()[pri:0, instance:qaclick.RestAPITest@166fa74d]" started-at="2020-07-01T10:20:28Z" name="Apiandroid" finished-at="2020-07-01T10:20:28Z" duration-ms="0" status="PASS">
          <reporter-output>
          </reporter-output>
        </test-method> <!-- Apiandroid -->
        <test-method signature="Apiios()[pri:0, instance:qaclick.RestAPITest@166fa74d]" started-at="2020-07-01T10:20:28Z" name="Apiios" finished-at="2020-07-01T10:20:28Z" duration-ms="0" status="PASS">
          <reporter-output>
          </reporter-output>
        </test-method> <!-- Apiios -->
        <test-method signature="Apiiios()[pri:0, instance:qaclick.RestAPITest@166fa74d]" started-at="2020-07-01T10:20:28Z" name="Apiiios" finished-at="2020-07-01T10:20:28Z" duration-ms="0" status="PASS">
          <reporter-output>
          </reporter-output>
        </test-method> <!-- Apiiios -->
      </class> <!-- qaclick.RestAPITest -->
    </test> <!-- /Users/venkatasambaraju/IdeaProjects/MavenJava -->
  </suite> <!-- All Test Suite -->
</testng-results>
