<?xml version="1.0" encoding="UTF-8"?>
<testsuite xmlns:xsi="http://www.w3.org/2001/XMLSchema-instance" xsi:noNamespaceSchemaLocation="https://maven.apache.org/surefire/maven-surefire-plugin/xsd/surefire-test-report-3.0.xsd" version="3.0" name="TestSuite" time="0.306" tests="5" errors="0" skipped="0" failures="0">
  <properties>
[...]
</properties>
  <testcase name="Appiumandroid" classname="qaclick.AppiumTest" time="0.003">
    <system-out><![CDATA[Appiumandroid
]]></system-out>
  </testcase>
  <testcase name="Appiumios" classname="qaclick.AppiumTest" time="0">
    <system-out><![CDATA[Appiumios
]]></system-out>
  </testcase>
  <testcase name="Apiandroid" classname="qaclick.RestAPITest" time="0">
    <system-out><![CDATA[Apiandroid
]]></system-out>
  </testcase>
  <testcase name="Apiiios" classname="qaclick.RestAPITest" time="0">
    <system-out><![CDATA[Apiiios
]]></system-out>
  </testcase>
  <testcase name="Apiios" classname="qaclick.RestAPITest" time="0">
    <system-out><![CDATA[Apiios
]]></system-out>
  </testcase>
</testsuite>