<?xml version="1.0" encoding="UTF-8"?>
<!-- Generated by org.testng.reporters.JUnitXMLReporter -->
<testsuite ignored="0" hostname="Galaxy-A8-2018.hitronhub.home" failures="0" tests="5" name="/Users/venkatasambaraju/IdeaProjects/MavenJava" time="0.015" errors="0" timestamp="01 Jul. 2020 16:20:28 GMT">
  <testcase classname="qaclick.AppiumTest" name="Appiumandroid" time="0.004"/>
  <testcase classname="qaclick.AppiumTest" name="Appiumios" time="0.0"/>
  <testcase classname="qaclick.RestAPITest" name="Apiandroid" time="0.0"/>
  <testcase classname="qaclick.RestAPITest" name="Apiiios" time="0.0"/>
  <testcase classname="qaclick.RestAPITest" name="Apiios" time="0.0"/>
</testsuite> <!-- /Users/venkatasambaraju/IdeaProjects/MavenJava -->
